2023-04-01 15:03:58.3166|INFO|Инициализация службы
2023-04-01 15:03:58.3914|INFO|Старт службы
2023-04-01 15:07:04.2294|INFO|Инициализация службы
2023-04-01 15:07:04.2982|INFO|Старт службы
2023-04-01 15:07:07.5819|INFO|...............Старт расписания опроса...................
2023-04-01 15:07:07.5819|INFO|Первичный опрос устройств
2023-04-01 15:07:07.5819|INFO|01-04-2023 15:07:07
2023-04-01 15:07:07.5924|INFO|Опрос устройств по расписанию
2023-04-01 15:07:07.5924|INFO|...............Старт расписания опроса...................
2023-04-01 15:07:07.5924|INFO|01-04-2023 15:07:07
2023-04-01 15:07:17.5350|INFO|Опрос устройств по расписанию
2023-04-01 15:07:17.5350|INFO|...............Старт расписания опроса...................
2023-04-01 15:07:17.5350|INFO|01-04-2023 15:07:17
2023-04-01 15:07:27.5349|INFO|Опрос устройств по расписанию
2023-04-01 15:07:27.5349|INFO|...............Старт расписания опроса...................
2023-04-01 15:07:27.5349|INFO|01-04-2023 15:07:27
2023-04-01 15:08:05.9467|INFO|Инициализация службы
2023-04-01 15:08:06.0232|INFO|Старт службы
2023-04-01 15:08:16.0148|INFO|...............Старт расписания опроса...................
2023-04-01 15:08:16.0148|INFO|Первичный опрос устройств
2023-04-01 15:08:16.0148|INFO|01-04-2023 15:08:16
2023-04-01 15:08:20.0009|INFO|Опрос устройств по расписанию
2023-04-01 15:08:20.0009|INFO|...............Старт расписания опроса...................
2023-04-01 15:08:20.0009|INFO|01-04-2023 15:08:20
2023-04-01 15:08:30.0002|INFO|Опрос устройств по расписанию
2023-04-01 15:08:30.0002|INFO|...............Старт расписания опроса...................
2023-04-01 15:08:30.0002|INFO|01-04-2023 15:08:30
2023-04-01 15:09:12.3761|INFO|Инициализация службы
2023-04-01 15:09:12.4461|INFO|Старт службы
2023-04-01 15:09:12.9579|INFO|...............Старт расписания опроса...................
2023-04-01 15:09:12.9579|INFO|Первичный опрос устройств
2023-04-01 15:09:12.9645|INFO|01-04-2023 15:09:12
2023-04-01 15:09:20.0007|INFO|Опрос устройств по расписанию
2023-04-01 15:09:20.0007|INFO|...............Старт расписания опроса...................
2023-04-01 15:09:20.0007|INFO|01-04-2023 15:09:20
2023-04-01 15:09:30.0002|INFO|Опрос устройств по расписанию
2023-04-01 15:09:30.0002|INFO|...............Старт расписания опроса...................
2023-04-01 15:09:30.0002|INFO|01-04-2023 15:09:30
2023-04-01 15:09:40.0002|INFO|Опрос устройств по расписанию
2023-04-01 15:09:40.0002|INFO|...............Старт расписания опроса...................
2023-04-01 15:09:40.0002|INFO|01-04-2023 15:09:40
2023-04-01 15:10:58.5795|INFO|Инициализация службы
2023-04-01 15:10:58.6521|INFO|Старт службы
2023-04-01 15:11:07.7679|INFO|...............Старт расписания опроса...................
2023-04-01 15:11:10.5738|INFO|Первичный опрос устройств
2023-04-01 15:11:16.5000|INFO|01-04-2023 15:11:15
2023-04-01 15:11:52.8580|INFO|Инициализация службы
2023-04-01 15:11:52.9443|INFO|Старт службы
2023-04-01 15:11:53.5783|INFO|...............Старт расписания опроса...................
2023-04-01 15:11:53.5783|INFO|Первичный опрос устройств
2023-04-01 15:11:53.5854|INFO|01-04-2023 15:11:53
2023-04-01 15:12:00.0008|INFO|Опрос устройств по расписанию
2023-04-01 15:12:00.0008|INFO|...............Старт расписания опроса...................
2023-04-01 15:12:00.0008|INFO|01-04-2023 15:12:00
2023-04-01 15:13:48.9769|INFO|Инициализация службы
2023-04-01 15:13:49.0524|INFO|Старт службы
2023-04-01 15:13:49.6210|INFO|...............Старт расписания опроса...................
2023-04-01 15:13:49.6210|INFO|Первичный опрос устройств
2023-04-01 15:13:52.1089|INFO|01-04-2023 15:13:52
2023-04-01 15:14:07.4729|INFO|Инициализация службы
2023-04-01 15:14:07.5804|INFO|Старт службы
2023-04-01 15:14:08.1371|INFO|...............Старт расписания опроса...................
2023-04-01 15:14:08.1371|INFO|Первичный опрос устройств
2023-04-01 15:14:10.9558|INFO|01-04-2023 15:14:10
2023-04-01 15:14:22.9322|INFO|Ожидание окончания опроса
2023-04-01 15:14:40.0002|INFO|Опрос устройств по расписанию
2023-04-01 15:14:40.0002|INFO|...............Старт расписания опроса...................
2023-04-01 15:14:40.0002|INFO|01-04-2023 15:14:40
2023-04-01 15:15:00.0002|INFO|Ожидание окончания опроса
2023-04-01 15:15:20.0001|INFO|Опрос устройств по расписанию
2023-04-01 15:15:20.0001|INFO|...............Старт расписания опроса...................
2023-04-01 15:15:20.0001|INFO|01-04-2023 15:15:20
2023-04-01 15:15:40.0057|INFO|Опрос устройств по расписанию
2023-04-01 15:15:40.0057|INFO|...............Старт расписания опроса...................
2023-04-01 15:15:40.0074|INFO|01-04-2023 15:15:40
2023-04-01 15:16:00.0002|INFO|Ожидание окончания опроса
2023-04-01 15:16:20.0008|INFO|Опрос устройств по расписанию
2023-04-01 15:16:20.0008|INFO|...............Старт расписания опроса...................
2023-04-01 15:16:20.0065|INFO|01-04-2023 15:16:20
2023-04-01 15:16:40.0006|INFO|Ожидание окончания опроса
2023-04-01 15:17:00.0005|INFO|Опрос устройств по расписанию
2023-04-01 15:17:00.0005|INFO|...............Старт расписания опроса...................
2023-04-01 15:17:00.0060|INFO|01-04-2023 15:17:00
2023-04-01 15:17:20.0024|INFO|Ожидание окончания опроса
2023-04-01 15:17:40.0002|INFO|Опрос устройств по расписанию
2023-04-01 15:17:40.0002|INFO|...............Старт расписания опроса...................
2023-04-01 15:17:40.0002|INFO|01-04-2023 15:17:40
2023-04-01 15:18:00.0003|INFO|Ожидание окончания опроса
2023-04-01 15:18:20.0176|INFO|Опрос устройств по расписанию
2023-04-01 15:18:20.0176|INFO|...............Старт расписания опроса...................
2023-04-01 15:18:20.0260|INFO|01-04-2023 15:18:20
2023-04-01 15:18:40.0002|INFO|Ожидание окончания опроса
2023-04-01 15:19:11.6842|INFO|Инициализация службы
2023-04-01 15:19:11.6987|INFO|Старт службы
2023-04-01 15:19:11.8711|INFO|...............Старт расписания опроса...................
2023-04-01 15:19:11.8711|INFO|Первичный опрос устройств
2023-04-01 15:19:11.8711|INFO|01-04-2023 15:19:11
2023-04-01 15:19:20.0006|INFO|Ожидание окончания опроса
2023-04-01 15:19:40.0011|INFO|Опрос устройств по расписанию
2023-04-01 15:19:40.0011|INFO|...............Старт расписания опроса...................
2023-04-01 15:19:40.0011|INFO|01-04-2023 15:19:40
2023-04-01 15:40:09.2507|INFO|Инициализация службы
2023-04-01 15:40:09.9851|INFO|Старт службы
2023-04-01 16:18:53.0590|INFO|Инициализация службы
2023-04-01 16:18:54.5739|INFO|Старт службы
2023-04-01 16:18:55.8887|INFO|...............Старт расписания опроса...................
2023-04-01 16:18:55.8887|INFO|Первичный опрос устройств
2023-04-01 16:18:55.8924|INFO|01-04-2023 16:18:55
2023-04-01 16:22:00.2615|INFO|Инициализация службы
2023-04-01 16:22:00.3037|INFO|Старт службы
2023-04-01 16:22:00.7745|INFO|...............Старт расписания опроса...................
2023-04-01 16:22:00.7745|INFO|Первичный опрос устройств
2023-04-01 16:23:22.2635|INFO|Инициализация службы
2023-04-01 16:23:22.3485|INFO|Старт службы
2023-04-01 16:23:22.9969|INFO|...............Старт расписания опроса...................
2023-04-01 16:23:22.9969|INFO|Первичный опрос устройств
2023-04-01 16:23:56.5946|INFO|Инициализация службы
2023-04-01 16:23:56.6583|INFO|Старт службы
2023-04-01 16:23:57.3843|INFO|...............Старт расписания опроса...................
2023-04-01 16:23:57.3843|INFO|Первичный опрос устройств
2023-04-01 16:24:00.0018|INFO|Ожидание окончания опроса
2023-04-01 16:24:03.2600|INFO|Error read from conter
2023-04-01 16:24:58.6785|INFO|Инициализация службы
2023-04-01 16:24:58.7319|INFO|Старт службы
2023-04-01 16:24:59.2678|INFO|...............Старт расписания опроса...................
2023-04-01 16:24:59.2678|INFO|Первичный опрос устройств
2023-04-01 16:25:00.0007|INFO|Ожидание окончания опроса
2023-04-01 16:25:04.2980|INFO|Ошибка чтения из счетчика
2023-04-01 16:25:20.0004|INFO|Опрос устройств по расписанию
2023-04-01 16:25:20.0004|INFO|...............Старт расписания опроса...................
2023-04-01 16:25:25.0158|INFO|Ошибка чтения из счетчика
2023-04-01 16:25:40.0049|INFO|Опрос устройств по расписанию
2023-04-01 16:25:40.0049|INFO|...............Старт расписания опроса...................
2023-04-01 16:25:45.0288|INFO|Ошибка чтения из счетчика
2023-04-01 16:26:00.0007|INFO|Опрос устройств по расписанию
2023-04-01 16:26:00.0007|INFO|...............Старт расписания опроса...................
2023-04-01 16:26:05.0154|INFO|Ошибка чтения из счетчика
2023-04-01 16:26:20.0002|INFO|Опрос устройств по расписанию
2023-04-01 16:26:20.0002|INFO|...............Старт расписания опроса...................
2023-04-01 16:26:25.0219|INFO|Ошибка чтения из счетчика
2023-04-01 16:26:40.0004|INFO|Опрос устройств по расписанию
2023-04-01 16:26:40.0004|INFO|...............Старт расписания опроса...................
2023-04-01 16:26:45.0155|INFO|Ошибка чтения из счетчика
2023-04-01 16:27:00.0001|INFO|Опрос устройств по расписанию
2023-04-01 16:27:00.0001|INFO|...............Старт расписания опроса...................
2023-04-01 16:27:05.0197|INFO|Ошибка чтения из счетчика
2023-04-01 16:27:20.0003|INFO|Опрос устройств по расписанию
2023-04-01 16:27:20.0003|INFO|...............Старт расписания опроса...................
2023-04-01 16:27:25.0173|INFO|Ошибка чтения из счетчика
2023-04-01 16:27:40.0007|INFO|Опрос устройств по расписанию
2023-04-01 16:27:40.0007|INFO|...............Старт расписания опроса...................
2023-04-01 16:27:45.0188|INFO|Ошибка чтения из счетчика
2023-04-01 16:28:00.0002|INFO|Опрос устройств по расписанию
2023-04-01 16:28:00.0002|INFO|...............Старт расписания опроса...................
2023-04-01 16:28:05.0175|INFO|Ошибка чтения из счетчика
2023-04-01 16:28:20.0004|INFO|Опрос устройств по расписанию
2023-04-01 16:28:20.0004|INFO|...............Старт расписания опроса...................
2023-04-01 16:28:25.0154|INFO|Ошибка чтения из счетчика
2023-04-01 16:28:40.0002|INFO|Опрос устройств по расписанию
2023-04-01 16:28:40.0002|INFO|...............Старт расписания опроса...................
2023-04-01 16:28:45.0171|INFO|Ошибка чтения из счетчика
2023-04-01 16:29:00.0008|INFO|Опрос устройств по расписанию
2023-04-01 16:29:00.0008|INFO|...............Старт расписания опроса...................
2023-04-01 16:29:05.0329|INFO|Ошибка чтения из счетчика
2023-04-01 16:29:20.0018|INFO|Опрос устройств по расписанию
2023-04-01 16:29:20.0018|INFO|...............Старт расписания опроса...................
2023-04-01 16:29:25.0178|INFO|Ошибка чтения из счетчика
2023-04-01 16:29:40.0002|INFO|Опрос устройств по расписанию
2023-04-01 16:29:40.0002|INFO|...............Старт расписания опроса...................
2023-04-01 16:29:45.0156|INFO|Ошибка чтения из счетчика
2023-04-01 16:30:00.0008|INFO|Опрос устройств по расписанию
2023-04-01 16:30:00.0008|INFO|...............Старт расписания опроса...................
2023-04-01 16:30:05.0217|INFO|Ошибка чтения из счетчика
2023-04-01 16:30:20.0011|INFO|Опрос устройств по расписанию
2023-04-01 16:30:20.0011|INFO|...............Старт расписания опроса...................
2023-04-01 16:30:25.0140|INFO|Ошибка чтения из счетчика
2023-04-01 16:30:40.0001|INFO|Опрос устройств по расписанию
2023-04-01 16:30:40.0001|INFO|...............Старт расписания опроса...................
2023-04-01 16:30:45.0163|INFO|Ошибка чтения из счетчика
2023-04-01 16:31:00.0001|INFO|Опрос устройств по расписанию
2023-04-01 16:31:00.0001|INFO|...............Старт расписания опроса...................
2023-04-01 16:31:05.0142|INFO|Ошибка чтения из счетчика
2023-04-01 16:31:20.0001|INFO|Опрос устройств по расписанию
2023-04-01 16:31:20.0001|INFO|...............Старт расписания опроса...................
2023-04-01 16:31:25.0156|INFO|Ошибка чтения из счетчика
2023-04-01 16:31:40.0002|INFO|Опрос устройств по расписанию
2023-04-01 16:31:40.0002|INFO|...............Старт расписания опроса...................
2023-04-01 16:31:45.0258|INFO|Ошибка чтения из счетчика
2023-04-01 16:32:00.0002|INFO|Опрос устройств по расписанию
2023-04-01 16:32:00.0002|INFO|...............Старт расписания опроса...................
2023-04-01 16:32:05.0168|INFO|Ошибка чтения из счетчика
2023-04-01 16:32:20.0073|INFO|Опрос устройств по расписанию
2023-04-01 16:32:20.0073|INFO|...............Старт расписания опроса...................
2023-04-01 16:32:25.0341|INFO|Ошибка чтения из счетчика
2023-04-01 16:32:40.0007|INFO|Опрос устройств по расписанию
2023-04-01 16:32:40.0007|INFO|...............Старт расписания опроса...................
2023-04-01 16:32:45.0171|INFO|Ошибка чтения из счетчика
2023-04-01 16:33:00.0011|INFO|Опрос устройств по расписанию
2023-04-01 16:33:00.0011|INFO|...............Старт расписания опроса...................
2023-04-01 16:33:05.0234|INFO|Ошибка чтения из счетчика
2023-04-01 16:33:20.0002|INFO|Опрос устройств по расписанию
2023-04-01 16:33:20.0002|INFO|...............Старт расписания опроса...................
2023-04-01 16:33:25.0157|INFO|Ошибка чтения из счетчика
2023-04-01 16:33:40.0001|INFO|Опрос устройств по расписанию
2023-04-01 16:33:40.0001|INFO|...............Старт расписания опроса...................
2023-04-01 16:33:45.0182|INFO|Ошибка чтения из счетчика
2023-04-01 16:34:00.0001|INFO|Опрос устройств по расписанию
2023-04-01 16:34:00.0001|INFO|...............Старт расписания опроса...................
2023-04-01 16:34:05.0286|INFO|Ошибка чтения из счетчика
2023-04-01 16:34:20.0009|INFO|Опрос устройств по расписанию
2023-04-01 16:34:20.0009|INFO|...............Старт расписания опроса...................
